ParseError: syntax error, unexpected 'public' (T_PUBLIC), expecting variable (T_VARIABLE) in /home/wwwroot/phalcon-rest.org/app/exceptions/HTTPException.php:9
Stack trace:
#0 [internal function]: Phalcon\Loader->autoLoad('App\\Exception\\H...')
#1 /home/wwwroot/phalcon-rest.org/bootstrap/app.php(26): spl_autoload_call('App\\Exception\\H...')
#2 [internal function]: App->{closure}()
#3 /home/wwwroot/phalcon-rest.org/bootstrap/app.php(53): Phalcon\Mvc\Micro->handle()
#4 /home/wwwroot/phalcon-rest.org/public/index.php(27): App->run()
#5 {main}#0 [internal function]: Phalcon\Loader->autoLoad('App\\Exception\\H...')
#1 /home/wwwroot/phalcon-rest.org/bootstrap/app.php(26): spl_autoload_call('App\\Exception\\H...')
#2 [internal function]: App->{closure}()
#3 /home/wwwroot/phalcon-rest.org/bootstrap/app.php(53): Phalcon\Mvc\Micro->handle()
#4 /home/wwwroot/phalcon-rest.org/public/index.php(27): App->run()
#5 {main}HTTPException: /home/wwwroot/phalcon-rest.org/bootstrap/app.php at 26App\Exception\HTTPException in /home/wwwroot/phalcon-rest.org/bootstrap/app.php:26
Stack trace:
#0 [internal function]: App->{closure}()
#1 /home/wwwroot/phalcon-rest.org/bootstrap/app.php(53): Phalcon\Mvc\Micro->handle()
#2 /home/wwwroot/phalcon-rest.org/public/index.php(27): App->run()
#3 {main}#0 [internal function]: App->{closure}()
#1 /home/wwwroot/phalcon-rest.org/bootstrap/app.php(53): Phalcon\Mvc\Micro->handle()
#2 /home/wwwroot/phalcon-rest.org/public/index.php(27): App->run()
#3 {main}HTTPException: /home/wwwroot/phalcon-rest.org/bootstrap/app.php at 26App\Exception\HTTPException in /home/wwwroot/phalcon-rest.org/bootstrap/app.php:26
Stack trace:
#0 [internal function]: App->{closure}()
#1 /home/wwwroot/phalcon-rest.org/bootstrap/app.php(53): Phalcon\Mvc\Micro->handle()
#2 /home/wwwroot/phalcon-rest.org/public/index.php(27): App->run()
#3 {main}#0 [internal function]: App->{closure}()
#1 /home/wwwroot/phalcon-rest.org/bootstrap/app.php(53): Phalcon\Mvc\Micro->handle()
#2 /home/wwwroot/phalcon-rest.org/public/index.php(27): App->run()
#3 {main}HTTPException: /home/wwwroot/phalcon-rest.org/bootstrap/app.php at 26App\Exception\HTTPException in /home/wwwroot/phalcon-rest.org/bootstrap/app.php:26
Stack trace:
#0 [internal function]: App->{closure}()
#1 /home/wwwroot/phalcon-rest.org/bootstrap/app.php(53): Phalcon\Mvc\Micro->handle()
#2 /home/wwwroot/phalcon-rest.org/public/index.php(27): App->run()
#3 {main}#0 [internal function]: App->{closure}()
#1 /home/wwwroot/phalcon-rest.org/bootstrap/app.php(53): Phalcon\Mvc\Micro->handle()
#2 /home/wwwroot/phalcon-rest.org/public/index.php(27): App->run()
#3 {main}HTTPException: /home/wwwroot/phalcon-rest.org/bootstrap/app.php at 26App\Exception\HTTPException in /home/wwwroot/phalcon-rest.org/bootstrap/app.php:26
Stack trace:
#0 [internal function]: App->{closure}()
#1 /home/wwwroot/phalcon-rest.org/bootstrap/app.php(53): Phalcon\Mvc\Micro->handle()
#2 /home/wwwroot/phalcon-rest.org/public/index.php(27): App->run()
#3 {main}#0 [internal function]: App->{closure}()
#1 /home/wwwroot/phalcon-rest.org/bootstrap/app.php(53): Phalcon\Mvc\Micro->handle()
#2 /home/wwwroot/phalcon-rest.org/public/index.php(27): App->run()
#3 {main}HTTPException: /home/wwwroot/phalcon-rest.org/bootstrap/app.php at 26App\Exception\HTTPException in /home/wwwroot/phalcon-rest.org/bootstrap/app.php:26
Stack trace:
#0 [internal function]: App->{closure}()
#1 /home/wwwroot/phalcon-rest.org/bootstrap/app.php(53): Phalcon\Mvc\Micro->handle()
#2 /home/wwwroot/phalcon-rest.org/public/index.php(27): App->run()
#3 {main}#0 [internal function]: App->{closure}()
#1 /home/wwwroot/phalcon-rest.org/bootstrap/app.php(53): Phalcon\Mvc\Micro->handle()
#2 /home/wwwroot/phalcon-rest.org/public/index.php(27): App->run()
#3 {main}HTTPException: /home/wwwroot/phalcon-rest.org/bootstrap/app.php at 26App\Exception\HTTPException in /home/wwwroot/phalcon-rest.org/bootstrap/app.php:26
Stack trace:
#0 [internal function]: App->{closure}()
#1 /home/wwwroot/phalcon-rest.org/bootstrap/app.php(53): Phalcon\Mvc\Micro->handle()
#2 /home/wwwroot/phalcon-rest.org/public/index.php(27): App->run()
#3 {main}#0 [internal function]: App->{closure}()
#1 /home/wwwroot/phalcon-rest.org/bootstrap/app.php(53): Phalcon\Mvc\Micro->handle()
#2 /home/wwwroot/phalcon-rest.org/public/index.php(27): App->run()
#3 {main}HTTPException: /home/wwwroot/phalcon-rest.org/bootstrap/app.php at 26App\Exception\HTTPException in /home/wwwroot/phalcon-rest.org/bootstrap/app.php:26
Stack trace:
#0 [internal function]: App->{closure}()
#1 /home/wwwroot/phalcon-rest.org/bootstrap/app.php(53): Phalcon\Mvc\Micro->handle()
#2 /home/wwwroot/phalcon-rest.org/public/index.php(27): App->run()
#3 {main}#0 [internal function]: App->{closure}()
#1 /home/wwwroot/phalcon-rest.org/bootstrap/app.php(53): Phalcon\Mvc\Micro->handle()
#2 /home/wwwroot/phalcon-rest.org/public/index.php(27): App->run()
#3 {main}